SF:lib\core\services\security_service.dart
DA:17,4
DA:20,2
DA:23,0
DA:24,0
DA:26,0
DA:28,0
DA:29,0
DA:30,0
DA:32,0
DA:36,0
DA:37,0
DA:38,0
DA:40,0
DA:45,0
DA:46,0
DA:49,0
DA:50,0
DA:55,2
DA:56,4
DA:60,1
DA:61,2
DA:65,1
DA:66,2
DA:73,1
DA:74,1
DA:75,2
DA:76,2
DA:80,1
DA:81,1
DA:82,1
DA:84,2
DA:85,3
DA:87,2
DA:88,1
DA:92,1
DA:93,1
DA:94,2
DA:95,2
DA:99,1
DA:100,1
DA:101,1
DA:103,2
DA:104,3
DA:106,2
DA:107,1
DA:111,2
DA:112,2
DA:113,4
DA:114,4
DA:118,2
DA:119,2
DA:120,2
DA:121,2
DA:122,4
LF:54
LH:39
end_of_record
SF:lib\features\sos\domain\repositories\safety_monitor.dart
DA:16,6
DA:20,6
DA:22,0
DA:23,0
DA:24,0
DA:26,0
DA:27,0
DA:28,0
DA:29,0
DA:34,0
DA:35,0
DA:36,0
DA:37,0
DA:39,0
DA:40,0
DA:45,0
DA:46,0
DA:47,0
DA:50,0
DA:51,0
DA:52,0
DA:55,0
DA:56,0
DA:57,0
DA:58,0
LF:25
LH:2
end_of_record
SF:lib\core\models\identity.dart
DA:14,0
LF:1
LH:0
end_of_record
SF:lib\core\models\mesh_packet.dart
DA:43,1
DA:58,0
DA:59,0
LF:3
LH:1
end_of_record
SF:lib\core\models\contact.dart
DA:18,0
DA:35,0
LF:2
LH:0
end_of_record
SF:lib\features\mesh\domain\entities\mesh_device.dart
DA:17,1
DA:27,3
DA:29,0
DA:38,0
DA:39,0
DA:40,0
DA:41,0
DA:42,0
DA:43,0
DA:44,0
DA:45,0
LF:11
LH:2
end_of_record
SF:lib\features\mesh\domain\repositories\routing_engine.dart
DA:9,2
DA:12,0
DA:14,0
DA:18,0
DA:21,0
DA:22,0
DA:23,0
DA:24,0
DA:29,0
DA:35,1
DA:36,1
DA:38,4
DA:39,1
DA:42,1
DA:43,4
DA:44,2
DA:47,1
DA:50,1
DA:51,5
DA:52,1
DA:55,0
DA:56,0
DA:57,0
DA:58,0
DA:59,0
DA:60,0
DA:61,0
DA:62,0
DA:63,0
DA:64,0
DA:65,0
DA:66,0
DA:67,0
DA:68,0
DA:73,0
DA:74,0
DA:75,0
DA:76,0
LF:38
LH:12
end_of_record
SF:lib\core\services\gateway_monitor.dart
DA:9,0
DA:10,0
DA:14,0
DA:15,0
DA:16,0
DA:17,0
DA:18,0
DA:19,0
DA:20,0
DA:24,0
DA:25,0
DA:28,0
DA:29,0
DA:30,0
LF:14
LH:0
end_of_record
SF:lib\core\theme\app_theme.dart
DA:6,2
DA:39,0
DA:40,0
DA:41,0
DA:42,0
DA:43,0
DA:44,0
DA:46,0
DA:63,0
DA:64,0
DA:65,0
DA:66,0
DA:67,0
DA:68,0
DA:69,0
DA:70,0
DA:71,0
DA:72,0
DA:73,0
DA:74,0
DA:75,0
DA:76,0
DA:77,0
DA:81,0
DA:83,0
DA:84,0
DA:85,0
DA:86,0
DA:87,0
DA:88,0
DA:89,0
DA:90,0
DA:91,0
DA:92,0
DA:93,0
DA:94,0
DA:95,0
DA:96,0
DA:97,0
DA:98,0
DA:128,2
DA:129,2
DA:151,2
DA:184,2
DA:187,2
DA:188,2
DA:213,2
DA:214,3
DA:215,1
LF:49
LH:10
end_of_record
SF:lib\features\mesh\data\repositories\nearby_mesh_service_impl.dart
DA:31,1
DA:32,3
DA:35,0
DA:36,0
DA:43,0
DA:44,0
DA:46,0
DA:47,0
DA:49,0
DA:50,0
DA:52,0
DA:53,0
DA:55,0
DA:56,0
DA:62,0
DA:64,0
DA:67,0
DA:69,0
DA:70,0
DA:71,0
DA:75,0
DA:76,0
DA:80,0
DA:82,0
DA:83,0
DA:84,0
DA:85,0
DA:86,0
DA:88,0
DA:90,0
DA:95,0
DA:97,0
DA:98,0
DA:99,0
DA:100,0
DA:101,0
DA:102,0
DA:108,0
DA:109,0
DA:110,0
DA:112,0
DA:113,0
DA:114,0
DA:115,0
DA:117,0
DA:119,0
DA:121,0
DA:125,0
DA:128,0
DA:129,0
DA:130,0
DA:131,0
DA:135,0
DA:136,0
DA:138,0
DA:139,0
DA:140,0
DA:142,0
DA:144,0
DA:146,0
DA:147,0
DA:149,0
DA:151,0
DA:162,0
DA:165,0
DA:166,0
DA:167,0
DA:169,0
DA:170,0
DA:171,0
DA:173,0
DA:174,0
DA:177,0
DA:181,0
DA:182,0
DA:184,0
DA:186,0
DA:188,0
DA:193,0
DA:194,0
DA:196,0
DA:197,0
DA:198,0
DA:199,0
DA:200,0
DA:202,0
DA:204,0
DA:205,0
DA:206,0
DA:208,0
DA:212,0
DA:216,0
DA:217,0
DA:221,0
DA:222,0
DA:223,0
DA:225,0
DA:226,0
DA:229,0
DA:236,0
DA:238,0
DA:239,0
DA:241,0
DA:242,0
DA:243,0
DA:244,0
DA:245,0
DA:246,0
DA:247,0
DA:249,0
DA:253,0
DA:254,0
DA:255,0
DA:259,0
DA:262,0
DA:263,0
DA:267,0
DA:268,0
DA:271,0
DA:272,0
DA:274,0
DA:275,0
DA:279,0
DA:280,0
DA:283,0
DA:285,0
DA:286,0
DA:287,0
DA:288,0
DA:289,0
DA:290,0
DA:293,0
DA:296,0
DA:297,0
DA:298,0
DA:299,0
DA:300,0
DA:301,0
DA:306,0
DA:309,0
DA:310,0
DA:312,0
DA:313,0
DA:314,0
DA:319,0
DA:321,0
DA:322,0
DA:323,0
DA:325,0
DA:326,0
DA:327,0
DA:329,0
DA:330,0
DA:331,0
DA:332,0
DA:333,0
DA:334,0
DA:335,0
DA:336,0
DA:337,0
DA:341,0
DA:342,0
DA:343,0
DA:346,0
DA:347,0
DA:349,0
DA:350,0
DA:351,0
DA:356,0
DA:357,0
DA:358,0
DA:359,0
LF:172
LH:2
end_of_record
SF:lib\features\sos\presentation\bloc\sos_cubit.dart
DA:16,0
DA:20,0
DA:28,6
DA:30,0
DA:31,0
DA:37,0
DA:39,0
DA:42,0
DA:43,0
DA:47,0
DA:51,0
DA:52,0
DA:55,0
DA:56,0
DA:58,0
DA:59,0
DA:61,0
DA:63,0
DA:75,0
DA:76,0
DA:78,0
DA:82,0
LF:22
LH:1
end_of_record
SF:lib\features\sos\presentation\bloc\ui_orchestrator_cubit.dart
DA:6,2
DA:8,2
DA:9,2
DA:11,0
DA:12,0
DA:13,0
DA:15,0
DA:19,0
LF:8
LH:3
end_of_record
SF:lib\features\sos\presentation\widgets\panic_button.dart
DA:11,1
DA:20,1
DA:22,1
DA:24,2
DA:26,1
DA:27,1
DA:28,4
DA:29,4
DA:32,0
DA:33,0
DA:34,0
DA:36,1
DA:38,1
DA:39,2
DA:40,2
DA:43,2
LF:16
LH:13
end_of_record
SF:lib\features\sos\presentation\pages\sos_screen.dart
DA:8,1
DA:10,1
DA:12,1
DA:13,0
DA:14,0
DA:15,0
DA:18,0
DA:19,0
DA:20,0
DA:24,1
DA:26,1
DA:28,1
DA:29,1
DA:31,3
DA:35,1
DA:36,1
DA:37,1
DA:38,1
DA:44,0
DA:45,0
DA:46,0
DA:47,0
DA:49,0
LF:23
LH:12
end_of_record
SF:lib\core\models\peer.dart
DA:18,0
DA:25,0
DA:30,0
DA:31,0
DA:32,0
DA:33,0
DA:34,0
LF:7
LH:0
end_of_record
SF:lib\core\services\feedback_service.dart
DA:5,0
DA:6,0
DA:8,0
DA:17,0
DA:18,0
DA:19,0
DA:24,0
DA:25,0
DA:26,0
LF:9
LH:0
end_of_record
SF:lib\features\ai\data\models\chat_message.dart
DA:16,0
DA:23,0
DA:24,0
LF:3
LH:0
end_of_record
SF:lib\features\mesh\data\repositories\simulated_mesh_service.dart
DA:21,1
DA:23,1
DA:24,2
DA:26,0
DA:27,0
DA:29,1
DA:30,2
DA:32,0
DA:33,0
DA:35,0
DA:36,0
DA:38,0
DA:41,0
DA:42,0
DA:44,0
DA:46,0
DA:47,0
DA:50,0
DA:51,0
DA:52,0
DA:57,0
DA:58,0
DA:63,0
DA:64,0
DA:66,0
DA:69,0
DA:70,0
DA:71,0
DA:72,0
DA:73,0
DA:75,0
DA:77,0
DA:80,1
DA:81,5
DA:84,1
DA:86,1
DA:87,2
DA:88,1
DA:91,0
DA:93,0
DA:95,0
DA:96,0
DA:100,0
DA:102,0
DA:104,0
DA:105,0
DA:109,0
DA:113,0
DA:114,0
DA:118,0
DA:119,0
DA:120,0
DA:121,0
LF:53
LH:11
end_of_record
SF:lib\main.dart
DA:28,0
DA:29,0
DA:32,0
DA:33,0
DA:34,0
DA:35,0
DA:38,0
DA:42,0
DA:43,0
DA:44,0
DA:45,0
DA:46,0
DA:47,0
DA:53,0
DA:54,0
DA:57,0
DA:59,0
DA:63,0
DA:64,0
DA:69,0
DA:70,0
DA:71,0
DA:72,0
DA:74,0
DA:78,0
DA:81,0
DA:83,0
DA:99,1
DA:108,1
DA:110,1
DA:111,1
DA:112,2
DA:113,2
DA:114,2
DA:115,2
DA:116,2
DA:118,1
DA:119,1
DA:120,1
DA:121,0
DA:123,1
DA:124,0
DA:126,1
DA:127,6
DA:130,1
DA:135,1
DA:136,1
LF:47
LH:18
end_of_record
SF:lib\core\theme\null_signal_widgets.dart
DA:15,1
DA:24,1
DA:26,2
DA:28,1
DA:29,1
DA:30,1
DA:31,1
DA:32,1
DA:33,1
DA:34,1
DA:35,2
DA:40,3
DA:42,1
DA:45,1
DA:46,1
DA:47,3
DA:65,1
DA:75,1
DA:77,2
DA:79,1
DA:80,1
DA:82,1
DA:83,6
DA:84,1
DA:87,1
DA:88,1
DA:89,2
DA:90,1
DA:91,1
DA:93,1
DA:98,1
DA:99,1
DA:105,1
DA:107,1
DA:108,1
DA:114,1
DA:116,1
DA:117,2
DA:120,1
DA:123,1
DA:125,2
DA:126,1
DA:129,1
DA:131,2
DA:133,1
DA:134,1
DA:135,1
DA:136,1
DA:138,1
DA:139,2
DA:140,2
DA:152,1
DA:154,1
DA:156,1
DA:157,2
DA:158,1
DA:159,1
DA:163,2
DA:164,2
DA:166,2
DA:167,2
DA:168,9
DA:171,1
DA:172,1
DA:173,4
DA:174,5
DA:178,1
DA:179,1
DA:180,4
DA:181,5
DA:189,0
LF:71
LH:70
end_of_record
SF:lib\core\utils\animations.dart
DA:9,1
DA:17,1
DA:19,1
DA:20,1
DA:21,1
DA:23,1
DA:24,1
DA:26,1
DA:27,9
DA:32,1
DA:41,2
DA:43,1
DA:44,1
DA:50,1
DA:52,1
DA:53,2
DA:56,1
DA:59,1
DA:61,2
DA:62,1
DA:65,1
DA:67,1
DA:68,1
DA:69,1
DA:70,2
DA:71,2
DA:72,0
DA:73,0
DA:74,0
DA:76,0
DA:77,0
DA:78,0
DA:81,0
DA:83,0
DA:84,0
DA:85,0
DA:88,0
DA:92,5
DA:102,1
DA:104,1
DA:105,1
DA:112,1
DA:114,1
DA:115,2
DA:118,1
DA:119,3
DA:120,2
DA:124,1
DA:126,2
DA:127,1
DA:130,1
DA:132,1
DA:133,1
DA:134,1
DA:135,1
DA:136,1
DA:137,1
DA:138,1
DA:139,1
DA:140,3
DA:141,2
DA:142,3
DA:146,2
LF:63
LH:52
end_of_record
SF:lib\features\ai\data\repositories\android_ai_service.dart
DA:7,0
DA:10,0
DA:11,0
DA:12,0
DA:16,0
DA:19,0
DA:20,0
DA:23,0
DA:24,0
DA:28,0
DA:31,0
DA:32,0
DA:35,0
DA:36,0
DA:40,0
DA:43,0
DA:47,0
DA:48,0
DA:52,0
LF:19
LH:0
end_of_record
SF:lib\features\ai\data\repositories\gemini_ai_service.dart
DA:9,0
DA:10,0
DA:12,0
DA:13,0
DA:22,0
DA:24,0
DA:27,0
DA:29,0
DA:30,0
DA:31,0
DA:34,0
DA:37,0
DA:38,0
DA:50,0
DA:60,0
DA:73,0
DA:74,0
DA:75,0
DA:78,0
DA:80,0
DA:81,0
DA:82,0
DA:85,0
LF:23
LH:0
end_of_record
SF:lib\features\ai\data\repositories\ios_ai_service.dart
DA:7,0
DA:10,0
DA:11,0
DA:12,0
DA:16,0
DA:19,0
DA:20,0
DA:23,0
DA:24,0
DA:28,0
DA:31,0
DA:32,0
DA:35,0
DA:36,0
DA:40,0
DA:43,0
DA:47,0
DA:48,0
DA:52,0
DA:54,0
LF:20
LH:0
end_of_record
SF:lib\features\ai\presentation\bloc\ai_cubit.dart
DA:11,0
DA:17,0
DA:22,0
DA:29,0
DA:31,0
DA:33,0
DA:34,0
DA:35,0
DA:37,0
DA:41,0
DA:42,0
DA:45,0
DA:46,0
DA:49,0
DA:52,0
DA:55,0
DA:56,0
DA:57,0
DA:59,0
DA:60,0
DA:61,0
DA:62,0
DA:63,0
DA:65,0
DA:69,0
DA:70,0
DA:71,0
DA:73,0
DA:74,0
DA:75,0
DA:76,0
DA:77,0
DA:79,0
DA:83,0
DA:84,0
DA:85,0
DA:87,0
DA:88,0
DA:89,0
DA:90,0
DA:91,0
DA:93,0
DA:97,0
DA:98,0
DA:99,0
LF:45
LH:0
end_of_record
SF:lib\features\ai\presentation\pages\panic_ai_help_screen.dart
DA:10,1
DA:12,0
DA:13,0
DA:20,0
DA:22,0
DA:23,0
DA:24,0
DA:27,0
DA:28,0
DA:29,0
DA:30,0
DA:31,0
DA:39,0
DA:41,0
DA:42,0
DA:44,0
DA:46,0
DA:47,0
DA:49,0
DA:50,0
DA:51,0
DA:52,0
DA:54,0
DA:56,0
DA:57,0
DA:65,0
DA:66,0
DA:67,0
DA:68,0
DA:71,0
DA:72,0
DA:73,0
DA:74,0
DA:75,0
DA:77,0
DA:79,0
DA:81,0
DA:82,0
DA:86,0
DA:87,0
DA:88,0
DA:90,0
DA:91,0
DA:92,0
DA:93,0
DA:95,0
DA:97,0
DA:98,0
DA:100,0
DA:101,0
DA:103,0
DA:105,0
DA:109,0
DA:113,0
DA:122,0
DA:123,0
DA:124,0
DA:125,0
DA:127,0
DA:131,0
DA:132,0
DA:133,0
DA:148,0
DA:149,0
DA:156,0
DA:157,0
DA:158,0
DA:159,0
DA:160,0
DA:165,0
DA:166,0
DA:167,0
DA:168,0
DA:170,0
DA:172,0
DA:173,0
DA:174,0
DA:175,0
DA:177,0
DA:178,0
DA:179,0
DA:181,0
DA:182,0
DA:184,0
DA:194,0
DA:195,0
DA:196,0
DA:198,0
DA:200,0
DA:201,0
DA:204,0
DA:205,0
DA:206,0
DA:208,0
DA:211,0
DA:215,0
DA:216,0
DA:218,0
DA:219,0
DA:220,0
DA:221,0
DA:223,0
DA:226,0
DA:231,0
DA:232,0
DA:233,0
DA:238,0
DA:240,0
DA:241,0
DA:247,0
DA:249,0
DA:250,0
DA:251,0
DA:255,0
DA:267,0
DA:268,0
DA:270,0
DA:271,0
DA:272,0
DA:273,0
DA:274,0
DA:275,0
DA:276,0
DA:282,0
DA:283,0
DA:284,0
DA:286,0
DA:288,0
DA:293,0
DA:294,0
DA:295,0
DA:301,0
DA:303,0
DA:304,0
DA:312,0
DA:313,0
DA:314,0
DA:315,0
DA:320,0
DA:321,0
DA:322,0
DA:323,0
DA:324,0
DA:325,0
DA:326,0
DA:329,0
DA:331,0
DA:332,0
DA:333,0
DA:344,0
DA:345,0
DA:348,0
DA:349,0
DA:350,0
DA:351,0
DA:353,0
DA:354,0
DA:361,0
DA:363,0
DA:367,0
LF:160
LH:1
end_of_record
SF:lib\features\dashboard\presentation\pages\normal_dashboard_screen.dart
DA:9,1
DA:11,0
DA:13,0
DA:14,0
DA:16,0
DA:18,0
DA:19,0
DA:21,0
DA:24,0
DA:25,0
DA:26,0
DA:28,0
DA:30,0
DA:31,0
DA:36,0
DA:41,0
DA:43,0
DA:45,0
DA:46,0
DA:48,0
DA:49,0
DA:53,0
DA:64,0
DA:65,0
DA:67,0
DA:68,0
DA:69,0
DA:70,0
DA:71,0
DA:72,0
DA:75,0
DA:76,0
DA:82,0
DA:84,0
DA:85,0
DA:92,0
DA:94,0
DA:96,0
DA:99,0
DA:101,0
DA:103,0
DA:112,0
DA:118,0
DA:119,0
DA:121,0
DA:123,0
DA:127,0
DA:128,0
DA:129,0
DA:130,0
DA:132,0
DA:142,0
DA:143,0
DA:145,0
DA:158,0
DA:160,0
DA:161,0
DA:163,0
DA:165,0
DA:169,0
DA:171,0
DA:173,0
DA:182,0
DA:187,0
DA:190,0
DA:192,0
DA:193,0
DA:195,0
DA:196,0
DA:198,0
DA:199,0
DA:201,0
DA:202,0
DA:207,0
DA:209,0
DA:213,0
DA:214,0
DA:215,0
DA:217,0
DA:218,0
DA:221,0
DA:227,0
DA:229,0
DA:230,0
DA:231,0
DA:232,0
DA:236,0
DA:237,0
DA:238,0
DA:239,0
DA:240,0
DA:243,0
DA:244,0
DA:245,0
DA:248,0
DA:251,0
DA:253,0
DA:254,0
DA:255,0
DA:257,0
DA:258,0
DA:259,0
DA:260,0
DA:271,0
DA:273,0
DA:274,0
DA:275,0
DA:285,0
DA:286,0
DA:288,0
DA:289,0
DA:290,0
DA:291,0
DA:293,0
DA:295,0
DA:296,0
DA:298,0
DA:300,0
DA:306,0
DA:307,0
DA:309,0
DA:310,0
DA:312,0
DA:314,0
DA:318,0
DA:320,0
DA:323,0
DA:324,0
DA:331,0
DA:332,0
DA:334,0
DA:335,0
DA:336,0
DA:337,0
DA:339,0
DA:341,0
DA:342,0
DA:344,0
DA:345,0
DA:346,0
DA:354,0
DA:355,0
DA:356,0
DA:357,0
DA:363,0
DA:364,0
DA:366,0
DA:368,0
DA:369,0
DA:370,0
DA:376,0
DA:377,0
DA:380,0
DA:381,0
DA:382,0
DA:383,0
DA:385,0
DA:388,0
DA:389,0
DA:391,0
DA:393,0
DA:394,0
DA:395,0
DA:397,0
DA:398,0
DA:406,0
DA:407,0
DA:408,0
DA:409,0
DA:411,0
DA:413,0
DA:415,0
DA:416,0
DA:418,0
DA:419,0
DA:420,0
DA:421,0
DA:422,0
DA:423,0
DA:441,0
DA:442,0
DA:445,0
DA:446,0
DA:447,0
DA:448,0
DA:450,0
LF:186
LH:1
end_of_record
SF:lib\features\mesh\presentation\bloc\mesh_cubit.dart
DA:17,0
DA:23,0
DA:32,0
DA:33,0
DA:34,0
DA:38,0
DA:39,0
DA:40,0
DA:41,0
DA:44,0
DA:46,0
DA:47,0
DA:48,0
DA:50,0
DA:58,0
DA:59,0
DA:62,0
DA:64,0
DA:65,0
DA:67,0
DA:72,0
DA:74,0
DA:75,0
DA:78,0
DA:81,0
DA:82,0
DA:84,0
DA:88,0
DA:89,0
DA:91,0
DA:93,0
DA:94,0
DA:95,0
DA:105,0
DA:107,0
DA:111,0
DA:112,0
DA:113,0
DA:114,0
DA:115,0
DA:116,0
DA:121,0
DA:123,0
DA:124,0
LF:44
LH:0
end_of_record
SF:lib\features\mesh\presentation\pages\panic_nearby_screen.dart
DA:11,1
DA:13,0
DA:14,0
DA:22,0
DA:24,0
DA:25,0
DA:28,0
DA:31,0
DA:33,0
DA:34,0
DA:37,0
DA:39,0
DA:40,0
DA:42,0
DA:44,0
DA:45,0
DA:47,0
DA:48,0
DA:49,0
DA:50,0
DA:52,0
DA:54,0
DA:55,0
DA:63,0
DA:64,0
DA:65,0
DA:67,0
DA:69,0
DA:70,0
DA:71,0
DA:72,0
DA:73,0
DA:74,0
DA:77,0
DA:80,0
DA:81,0
DA:82,0
DA:83,0
DA:84,0
DA:85,0
DA:86,0
DA:93,0
DA:94,0
DA:95,0
DA:96,0
DA:97,0
DA:98,0
DA:99,0
DA:100,0
DA:102,0
DA:103,0
DA:104,0
DA:105,0
DA:111,0
DA:114,0
DA:116,0
DA:117,0
DA:119,0
DA:123,0
DA:126,0
DA:128,0
DA:129,0
DA:130,0
DA:132,0
DA:134,0
DA:146,0
DA:148,0
DA:150,0
DA:151,0
DA:152,0
DA:153,0
DA:155,0
DA:156,0
DA:158,0
DA:164,0
DA:165,0
DA:166,0
DA:167,0
DA:171,0
DA:174,0
DA:176,0
DA:178,0
DA:179,0
DA:180,0
DA:181,0
DA:183,0
DA:184,0
DA:192,0
DA:193,0
DA:194,0
DA:196,0
DA:198,0
DA:199,0
DA:200,0
DA:201,0
DA:203,0
DA:204,0
DA:209,0
DA:210,0
DA:211,0
DA:212,0
DA:216,0
DA:219,0
DA:221,0
DA:230,0
DA:231,0
DA:233,0
DA:236,0
DA:237,0
DA:238,0
DA:239,0
DA:240,0
DA:241,0
DA:242,0
DA:248,0
DA:249,0
DA:250,0
DA:251,0
DA:252,0
DA:255,0
DA:256,0
DA:259,0
DA:262,0
DA:267,0
DA:268,0
DA:270,0
DA:271,0
DA:273,0
DA:275,0
DA:278,0
DA:281,0
DA:283,0
DA:285,0
DA:286,0
DA:287,0
DA:289,0
DA:291,0
DA:302,0
DA:303,0
DA:305,0
DA:306,0
DA:308,0
DA:309,0
DA:310,0
DA:314,0
DA:319,0
DA:320,0
DA:321,0
DA:323,0
DA:324,0
DA:329,0
DA:338,0
DA:339,0
DA:341,0
DA:342,0
DA:343,0
DA:348,0
DA:349,0
DA:351,0
DA:352,0
DA:353,0
DA:354,0
DA:356,0
DA:358,0
DA:359,0
DA:361,0
DA:363,0
DA:364,0
DA:365,0
DA:366,0
DA:374,0
DA:375,0
DA:377,0
DA:378,0
DA:380,0
DA:385,0
DA:386,0
DA:387,0
DA:389,0
DA:390,0
DA:391,0
DA:392,0
DA:393,0
DA:397,0
DA:399,0
DA:400,0
DA:404,0
DA:405,0
DA:406,0
DA:409,0
DA:410,0
DA:411,0
DA:412,0
DA:413,0
DA:414,0
DA:415,0
DA:419,0
DA:436,0
DA:446,0
DA:454,0
DA:456,0
DA:457,0
DA:459,0
DA:460,0
DA:463,0
DA:464,0
DA:465,0
DA:467,0
DA:468,0
DA:469,0
DA:470,0
DA:471,0
DA:472,0
DA:477,0
DA:478,0
DA:480,0
DA:482,0
DA:483,0
DA:484,0
DA:487,0
DA:488,0
DA:492,0
DA:493,0
DA:494,0
DA:495,0
DA:497,0
DA:501,0
DA:502,0
DA:504,0
DA:505,0
DA:506,0
DA:507,0
DA:508,0
DA:509,0
DA:512,0
DA:514,0
DA:515,0
DA:516,0
DA:518,0
DA:519,0
DA:520,0
DA:521,0
DA:528,0
DA:529,0
DA:530,0
DA:531,0
DA:532,0
DA:534,0
DA:537,0
DA:538,0
DA:540,0
DA:542,0
DA:543,0
DA:544,0
DA:545,0
DA:549,0
DA:550,0
DA:555,0
LF:258
LH:1
end_of_record
SF:lib\features\sos\presentation\pages\panic_navigation_wrapper.dart
DA:16,1
DA:18,1
DA:19,1
DA:35,1
DA:37,1
DA:40,2
DA:41,3
DA:42,0
DA:44,0
DA:46,0
DA:47,0
DA:48,0
DA:50,0
DA:51,0
DA:52,0
DA:53,0
DA:55,0
DA:61,2
DA:62,3
DA:63,0
DA:64,0
DA:68,3
DA:69,0
DA:70,0
DA:78,0
DA:79,0
DA:82,0
DA:83,0
DA:84,0
DA:87,0
DA:88,0
DA:89,0
DA:92,0
DA:94,0
DA:95,0
DA:96,0
DA:105,0
DA:106,0
DA:107,0
DA:110,0
DA:111,0
DA:112,0
DA:113,0
DA:123,0
DA:126,0
DA:129,0
DA:130,0
DA:132,0
DA:135,0
DA:136,0
DA:137,0
DA:140,0
DA:141,0
DA:142,0
DA:143,0
DA:144,0
DA:145,0
DA:155,1
DA:157,2
DA:158,2
DA:159,2
DA:160,1
DA:163,0
DA:164,0
DA:165,0
DA:166,0
DA:168,0
DA:171,1
DA:173,2
DA:175,1
DA:176,1
DA:180,1
DA:181,1
DA:183,1
DA:184,1
DA:187,1
DA:192,1
DA:193,2
DA:194,3
DA:197,1
DA:199,1
DA:200,2
DA:201,4
DA:203,1
DA:205,1
DA:206,1
DA:207,1
DA:208,1
DA:209,1
DA:216,1
DA:217,2
DA:218,1
DA:219,0
DA:221,1
DA:224,1
DA:225,2
DA:226,1
DA:228,1
DA:230,1
DA:231,1
DA:234,3
DA:237,1
DA:239,1
DA:242,3
LF:104
LH:51
end_of_record
SF:lib\features\sos\presentation\pages\sos_broadcast_screen.dart
DA:11,1
DA:13,1
DA:14,1
DA:24,1
DA:26,1
DA:27,2
DA:32,2
DA:35,1
DA:37,2
DA:42,2
DA:43,0
DA:44,0
DA:48,2
DA:49,0
DA:50,0
DA:51,0
DA:54,0
DA:59,0
DA:60,0
DA:61,0
DA:64,1
DA:66,2
DA:67,2
DA:68,2
DA:69,1
DA:72,1
DA:74,2
DA:75,2
DA:77,1
DA:78,0
DA:79,0
DA:80,0
DA:81,0
DA:82,0
DA:85,0
DA:88,0
DA:89,0
DA:90,0
DA:91,0
DA:92,0
DA:93,0
DA:95,0
DA:98,0
DA:101,1
DA:102,1
DA:103,1
DA:105,2
DA:106,0
DA:108,1
DA:109,1
DA:113,1
DA:115,1
DA:116,1
DA:118,1
DA:119,2
DA:120,1
DA:121,3
DA:129,2
DA:132,1
DA:134,1
DA:136,1
DA:137,1
DA:138,1
DA:139,0
DA:140,0
DA:141,0
DA:142,0
DA:144,0
DA:145,0
DA:146,0
DA:148,0
DA:149,0
DA:150,0
DA:152,1
DA:154,1
DA:156,1
DA:157,1
DA:158,1
DA:159,1
DA:160,4
DA:161,4
DA:162,1
DA:164,1
DA:165,1
DA:166,6
DA:167,2
DA:175,1
DA:176,1
DA:177,1
DA:178,1
DA:179,4
DA:180,4
DA:181,1
DA:183,1
DA:184,6
DA:192,1
DA:195,1
DA:196,1
DA:197,1
DA:198,1
DA:199,2
DA:201,1
DA:202,1
DA:209,1
DA:211,1
DA:212,1
DA:213,1
DA:214,1
DA:216,1
DA:217,1
DA:218,2
DA:219,1
DA:222,1
DA:223,1
DA:224,1
DA:230,1
DA:233,1
DA:234,1
DA:235,2
DA:240,1
DA:241,1
DA:242,1
DA:245,1
DA:247,2
DA:251,1
DA:264,1
DA:266,1
DA:267,1
DA:268,1
DA:269,1
DA:270,2
DA:272,3
DA:277,1
DA:279,2
DA:280,1
DA:285,1
DA:287,1
DA:288,0
DA:289,2
DA:299,1
DA:300,1
DA:301,1
DA:303,1
DA:305,1
DA:306,1
DA:307,1
DA:308,1
DA:309,1
DA:310,1
DA:312,1
DA:313,2
DA:316,2
DA:320,1
DA:321,1
DA:323,1
DA:324,5
DA:325,4
DA:334,1
DA:335,1
DA:336,1
DA:337,1
DA:339,1
DA:343,1
DA:344,1
DA:346,1
DA:360,1
DA:361,1
DA:364,1
DA:365,1
DA:366,1
DA:367,3
DA:369,1
DA:372,1
DA:373,1
DA:375,1
DA:376,5
DA:377,3
DA:380,4
LF:178
LH:143
end_of_record
